==================================================
 Healthcare Portal Server running at:
 http://localhost:3355/index.html
 Data Sources: PostgreSQL (Primary) / CSV (Fallback)
==================================================
[2026-07-09T04:41:12.902Z] Initializing PostgreSQL connection pool...
[2026-07-09T04:41:12.971Z] Successfully connected to PostgreSQL at 192.168.100.70
[2026-07-09T04:41:12.972Z] SWITCHING TO DATABASE MODE.
[2026-07-09T04:41:44.346Z] GET /api/transfers
[2026-07-09T04:41:44.619Z] GET /api/cmi
[2026-07-09T04:41:44.845Z] GET /api/items
Failed to fetch Items from database, falling back to CSV: relation "items_summary_aggregated" does not exist
[2026-07-09T04:41:44.849Z] SWITCHING TO CSV BACKUP MODE. Reason: Query error: relation "items_summary_aggregated" does not exist
[2026-07-09T04:41:44.850Z] Loading data from CSV files...
[2026-07-09T04:41:44.889Z] Loaded ipd_cmi.csv: 3288 rows
[2026-07-09T04:41:44.938Z] Loaded fundtransfer.csv: 4773 rows
[2026-07-09T04:41:46.234Z] Loaded items_summary_aggregated.csv: 131101 rows
[2026-07-09T04:41:58.826Z] Loaded opd_visit_summary.csv: 1419802 rows
[2026-07-09T04:41:58.848Z] All data sources loaded into memory in 13.99s
[2026-07-09T04:41:59.356Z] GET /api/status
[2026-07-09T04:41:59.365Z] Database is back online.
[2026-07-09T04:41:59.365Z] SWITCHING TO DATABASE MODE.
[2026-07-09T04:42:07.970Z] GET /api/status
[2026-07-09T04:43:04.159Z] GET /
[2026-07-09T04:43:04.330Z] GET /index.css
[2026-07-09T04:43:04.333Z] GET /app.js
[2026-07-09T04:43:04.419Z] GET /api/items
[2026-07-09T04:43:04.421Z] GET /api/opd/summary
[2026-07-09T04:43:04.439Z] GET /api/status
Failed to fetch Items from database, falling back to CSV: relation "items_summary_aggregated" does not exist
[2026-07-09T04:43:04.445Z] SWITCHING TO CSV BACKUP MODE. Reason: Query error: relation "items_summary_aggregated" does not exist
[2026-07-09T04:43:05.021Z] GET /api/cmi
[2026-07-09T04:43:05.022Z] GET /api/transfers
[2026-07-09T04:43:05.410Z] GET /favicon.ico
[2026-07-09T04:43:09.391Z] Database is back online.
[2026-07-09T04:43:09.392Z] SWITCHING TO DATABASE MODE.
[2026-07-09T04:43:14.430Z] GET /api/status
[2026-07-09T04:43:24.427Z] GET /api/status
[2026-07-09T04:43:34.632Z] GET /api/status
[2026-07-09T04:43:44.426Z] GET /api/status
[2026-07-09T04:43:54.425Z] GET /api/status
[2026-07-09T04:44:04.422Z] GET /api/status
[2026-07-09T04:44:14.430Z] GET /api/status
[2026-07-09T04:44:24.421Z] GET /api/status
[2026-07-09T04:44:34.415Z] GET /api/status
[2026-07-09T04:44:44.427Z] GET /api/status
[2026-07-09T04:44:54.420Z] GET /api/status
[2026-07-09T04:45:04.418Z] GET /api/status
[2026-07-09T04:45:14.426Z] GET /api/status
[2026-07-09T04:45:24.424Z] GET /api/status
[2026-07-09T04:45:34.435Z] GET /api/status
[2026-07-09T04:45:44.433Z] GET /api/status
[2026-07-09T04:45:54.438Z] GET /api/status
[2026-07-09T04:46:04.432Z] GET /api/status
[2026-07-09T04:46:14.425Z] GET /api/status
[2026-07-09T04:46:24.436Z] GET /api/status
[2026-07-09T04:46:34.423Z] GET /api/status
[2026-07-09T04:46:44.436Z] GET /api/status
[2026-07-09T04:46:54.428Z] GET /api/status
[2026-07-09T04:47:04.424Z] GET /api/status
[2026-07-09T04:47:14.430Z] GET /api/status
[2026-07-09T04:47:24.427Z] GET /api/status
[2026-07-09T04:47:34.437Z] GET /api/status
[2026-07-09T04:47:44.431Z] GET /api/status
[2026-07-09T04:47:54.420Z] GET /api/status
[2026-07-09T04:48:04.434Z] GET /api/status
[2026-07-09T04:48:14.427Z] GET /api/status
[2026-07-09T04:48:24.436Z] GET /api/status
[2026-07-09T04:48:34.428Z] GET /api/status
[2026-07-09T04:48:44.422Z] GET /api/status
[2026-07-09T04:48:54.432Z] GET /api/status
[2026-07-09T04:49:04.426Z] GET /api/status
[2026-07-09T04:49:14.432Z] GET /api/status
[2026-07-09T04:49:24.422Z] GET /api/status
[2026-07-09T04:49:34.423Z] GET /api/status
[2026-07-09T04:49:44.433Z] GET /api/status
[2026-07-09T04:49:54.428Z] GET /api/status
[2026-07-09T04:50:04.438Z] GET /api/status
[2026-07-09T04:50:14.431Z] GET /api/status
[2026-07-09T04:50:24.424Z] GET /api/status
[2026-07-09T04:50:34.430Z] GET /api/status
[2026-07-09T04:50:44.424Z] GET /api/status
[2026-07-09T04:50:54.434Z] GET /api/status
[2026-07-09T04:51:04.427Z] GET /api/status
[2026-07-09T04:51:14.420Z] GET /api/status
[2026-07-09T04:51:24.431Z] GET /api/status
[2026-07-09T04:51:34.424Z] GET /api/status
[2026-07-09T04:51:44.434Z] GET /api/status
[2026-07-09T04:51:54.429Z] GET /api/status
[2026-07-09T04:52:04.421Z] GET /api/status
[2026-07-09T04:52:14.431Z] GET /api/status
[2026-07-09T04:52:24.424Z] GET /api/status
[2026-07-09T04:52:34.436Z] GET /api/status
[2026-07-09T04:52:44.427Z] GET /api/status
[2026-07-09T04:52:54.420Z] GET /api/status
[2026-07-09T04:53:04.470Z] GET /api/status
[2026-07-09T04:53:14.423Z] GET /api/status
[2026-07-09T04:53:24.433Z] GET /api/status
[2026-07-09T04:53:34.422Z] GET /api/status
[2026-07-09T04:53:44.420Z] GET /api/status
[2026-07-09T04:53:54.429Z] GET /api/status
[2026-07-09T04:54:04.428Z] GET /api/status
[2026-07-09T04:54:14.438Z] GET /api/status
[2026-07-09T04:54:24.432Z] GET /api/status
[2026-07-09T04:54:34.425Z] GET /api/status
[2026-07-09T04:54:44.433Z] GET /api/status
[2026-07-09T04:54:54.428Z] GET /api/status
[2026-07-09T04:55:04.437Z] GET /api/status
[2026-07-09T04:55:14.431Z] GET /api/status
[2026-07-09T04:55:24.425Z] GET /api/status
[2026-07-09T04:55:34.434Z] GET /api/status
[2026-07-09T04:55:44.423Z] GET /api/status
[2026-07-09T04:55:54.434Z] GET /api/status
[2026-07-09T04:56:04.423Z] GET /api/status
[2026-07-09T04:56:14.420Z] GET /api/status
[2026-07-09T04:56:24.430Z] GET /api/status
[2026-07-09T04:56:34.419Z] GET /api/status
[2026-07-09T04:56:44.429Z] GET /api/status
[2026-07-09T04:56:54.427Z] GET /api/status
[2026-07-09T04:57:04.420Z] GET /api/status
[2026-07-09T04:57:14.430Z] GET /api/status
[2026-07-09T04:57:24.424Z] GET /api/status
[2026-07-09T04:57:34.434Z] GET /api/status
[2026-07-09T04:57:44.427Z] GET /api/status
[2026-07-09T04:57:54.420Z] GET /api/status
[2026-07-09T04:58:04.430Z] GET /api/status
[2026-07-09T04:58:14.423Z] GET /api/status
[2026-07-09T04:58:24.433Z] GET /api/status
[2026-07-09T04:58:34.427Z] GET /api/status
[2026-07-09T04:58:44.420Z] GET /api/status
[2026-07-09T04:58:54.430Z] GET /api/status
[2026-07-09T04:59:04.423Z] GET /api/status
[2026-07-09T04:59:14.435Z] GET /api/status
[2026-07-09T04:59:24.428Z] GET /api/status
[2026-07-09T04:59:34.422Z] GET /api/status
[2026-07-09T04:59:44.432Z] GET /api/status
[2026-07-09T04:59:54.425Z] GET /api/status
[2026-07-09T05:00:04.435Z] GET /api/status
[2026-07-09T05:00:14.429Z] GET /api/status
[2026-07-09T05:00:24.423Z] GET /api/status
[2026-07-09T05:00:34.433Z] GET /api/status
[2026-07-09T05:00:44.426Z] GET /api/status
[2026-07-09T05:00:54.436Z] GET /api/status
[2026-07-09T05:01:04.430Z] GET /api/status
[2026-07-09T05:01:14.423Z] GET /api/status
[2026-07-09T05:01:24.420Z] GET /api/status
[2026-07-09T05:01:34.424Z] GET /api/status
[2026-07-09T05:01:44.418Z] GET /api/status
[2026-07-09T05:01:54.428Z] GET /api/status
[2026-07-09T05:02:04.416Z] GET /api/status
[2026-07-09T05:02:14.431Z] GET /api/status
[2026-07-09T05:02:24.424Z] GET /api/status
[2026-07-09T05:02:34.434Z] GET /api/status
[2026-07-09T05:02:44.423Z] GET /api/status
[2026-07-09T05:02:54.421Z] GET /api/status
[2026-07-09T05:03:04.430Z] GET /api/status
[2026-07-09T05:03:14.449Z] GET /api/status
[2026-07-09T05:03:24.434Z] GET /api/status
[2026-07-09T05:03:34.427Z] GET /api/status
[2026-07-09T05:03:44.421Z] GET /api/status
[2026-07-09T05:03:54.431Z] GET /api/status
[2026-07-09T05:04:04.425Z] GET /api/status
[2026-07-09T05:04:14.418Z] GET /api/status
[2026-07-09T05:04:24.427Z] GET /api/status
[2026-07-09T05:04:34.421Z] GET /api/status
[2026-07-09T05:04:44.432Z] GET /api/status
[2026-07-09T05:04:54.425Z] GET /api/status
[2026-07-09T05:05:04.435Z] GET /api/status
[2026-07-09T05:05:14.429Z] GET /api/status
[2026-07-09T05:05:24.422Z] GET /api/status
[2026-07-09T05:05:34.432Z] GET /api/status
[2026-07-09T05:05:44.421Z] GET /api/status
[2026-07-09T05:05:54.417Z] GET /api/status
[2026-07-09T05:06:04.427Z] GET /api/status
[2026-07-09T05:06:14.420Z] GET /api/status
[2026-07-09T05:06:24.430Z] GET /api/status
[2026-07-09T05:06:34.424Z] GET /api/status
[2026-07-09T05:06:44.418Z] GET /api/status
[2026-07-09T05:06:54.428Z] GET /api/status
[2026-07-09T05:07:04.424Z] GET /api/status
[2026-07-09T05:07:14.436Z] GET /api/status
[2026-07-09T05:07:24.429Z] GET /api/status
[2026-07-09T05:07:34.439Z] GET /api/status
[2026-07-09T05:07:44.427Z] GET /api/status
[2026-07-09T05:07:54.426Z] GET /api/status
[2026-07-09T05:08:04.431Z] GET /api/status
[2026-07-09T05:08:14.424Z] GET /api/status
[2026-07-09T05:08:24.418Z] GET /api/status
[2026-07-09T05:08:34.427Z] GET /api/status
[2026-07-09T05:08:44.420Z] GET /api/status
[2026-07-09T05:08:54.414Z] GET /api/status
[2026-07-09T05:09:04.425Z] GET /api/status
[2026-07-09T05:09:14.435Z] GET /api/status
[2026-07-09T05:09:24.432Z] GET /api/status
[2026-07-09T05:09:34.425Z] GET /api/status
[2026-07-09T05:09:44.435Z] GET /api/status
[2026-07-09T05:09:54.429Z] GET /api/status
[2026-07-09T05:10:04.438Z] GET /api/status
[2026-07-09T05:10:14.432Z] GET /api/status
[2026-07-09T05:10:24.421Z] GET /api/status
[2026-07-09T05:10:34.431Z] GET /api/status
[2026-07-09T05:10:44.420Z] GET /api/status
[2026-07-09T05:10:54.433Z] GET /api/status
[2026-07-09T05:11:04.427Z] GET /api/status
[2026-07-09T05:11:14.420Z] GET /api/status
[2026-07-09T05:11:24.436Z] GET /api/status
[2026-07-09T05:11:34.430Z] GET /api/status
[2026-07-09T05:11:44.440Z] GET /api/status
[2026-07-09T05:11:54.433Z] GET /api/status
[2026-07-09T05:12:04.426Z] GET /api/status
[2026-07-09T05:12:14.436Z] GET /api/status
[2026-07-09T05:12:24.430Z] GET /api/status
[2026-07-09T05:12:34.436Z] GET /api/status
[2026-07-09T05:12:44.428Z] GET /api/status
[2026-07-09T05:12:54.418Z] GET /api/status
[2026-07-09T05:13:04.432Z] GET /api/status
[2026-07-09T05:13:14.451Z] GET /api/status
[2026-07-09T05:13:24.435Z] GET /api/status
[2026-07-09T05:13:34.429Z] GET /api/status
[2026-07-09T05:13:44.421Z] GET /api/status
[2026-07-09T05:13:54.434Z] GET /api/status
[2026-07-09T05:14:04.427Z] GET /api/status
[2026-07-09T05:14:14.421Z] GET /api/status
[2026-07-09T05:14:24.431Z] GET /api/status
[2026-07-09T05:14:34.421Z] GET /api/status
[2026-07-09T05:14:44.431Z] GET /api/status
[2026-07-09T05:14:54.423Z] GET /api/status
[2026-07-09T05:15:04.432Z] GET /api/status
[2026-07-09T05:15:14.427Z] GET /api/status
[2026-07-09T05:15:24.424Z] GET /api/status
[2026-07-09T05:15:34.433Z] GET /api/status
[2026-07-09T05:15:44.422Z] GET /api/status
[2026-07-09T05:15:54.434Z] GET /api/status
[2026-07-09T05:16:04.428Z] GET /api/status
[2026-07-09T05:16:14.420Z] GET /api/status
[2026-07-09T05:16:24.433Z] GET /api/status
[2026-07-09T05:16:34.424Z] GET /api/status
[2026-07-09T05:16:44.433Z] GET /api/status
[2026-07-09T05:16:54.426Z] GET /api/status
[2026-07-09T05:17:04.420Z] GET /api/status
[2026-07-09T05:17:14.435Z] GET /api/status
[2026-07-09T05:17:24.424Z] GET /api/status
[2026-07-09T05:17:34.423Z] GET /api/status
[2026-07-09T05:17:44.427Z] GET /api/status
[2026-07-09T05:17:54.421Z] GET /api/status
[2026-07-09T05:18:04.431Z] GET /api/status
[2026-07-09T05:18:14.428Z] GET /api/status
[2026-07-09T05:18:24.422Z] GET /api/status
[2026-07-09T05:18:34.427Z] GET /api/status
[2026-07-09T05:18:44.421Z] GET /api/status
[2026-07-09T05:18:54.430Z] GET /api/status
[2026-07-09T05:19:04.429Z] GET /api/status
[2026-07-09T05:19:14.418Z] GET /api/status
[2026-07-09T05:19:24.423Z] GET /api/status
[2026-07-09T05:19:34.421Z] GET /api/status
[2026-07-09T05:19:44.432Z] GET /api/status
[2026-07-09T05:19:54.420Z] GET /api/status
[2026-07-09T05:20:04.429Z] GET /api/status
[2026-07-09T05:20:14.428Z] GET /api/status
[2026-07-09T05:20:24.416Z] GET /api/status
[2026-07-09T05:20:34.431Z] GET /api/status
[2026-07-09T05:20:44.419Z] GET /api/status
[2026-07-09T05:20:54.428Z] GET /api/status
[2026-07-09T05:21:04.428Z] GET /api/status
[2026-07-09T05:21:14.417Z] GET /api/status
[2026-07-09T05:21:24.430Z] GET /api/status
[2026-07-09T05:21:34.424Z] GET /api/status
[2026-07-09T05:21:44.423Z] GET /api/status
[2026-07-09T05:21:54.427Z] GET /api/status
[2026-07-09T05:22:04.423Z] GET /api/status
[2026-07-09T05:22:14.437Z] GET /api/status
[2026-07-09T05:22:24.425Z] GET /api/status
[2026-07-09T05:22:34.434Z] GET /api/status
[2026-07-09T05:22:44.428Z] GET /api/status
[2026-07-09T05:22:54.422Z] GET /api/status
[2026-07-09T05:23:04.431Z] GET /api/status
[2026-07-09T05:23:14.426Z] GET /api/status
[2026-07-09T05:23:24.446Z] GET /api/status
[2026-07-09T05:23:34.428Z] GET /api/status
[2026-07-09T05:23:44.421Z] GET /api/status
[2026-07-09T05:23:54.428Z] GET /api/status
[2026-07-09T05:24:04.422Z] GET /api/status
[2026-07-09T05:24:14.432Z] GET /api/status
[2026-07-09T05:24:24.425Z] GET /api/status
[2026-07-09T05:24:34.420Z] GET /api/status
[2026-07-09T05:24:44.430Z] GET /api/status
[2026-07-09T05:24:54.423Z] GET /api/status
[2026-07-09T05:25:04.435Z] GET /api/status
[2026-07-09T05:25:14.428Z] GET /api/status
[2026-07-09T05:25:24.420Z] GET /api/status
[2026-07-09T05:25:34.431Z] GET /api/status
[2026-07-09T05:25:44.424Z] GET /api/status
[2026-07-09T05:25:54.434Z] GET /api/status
[2026-07-09T05:26:04.427Z] GET /api/status
[2026-07-09T05:26:14.420Z] GET /api/status
[2026-07-09T05:26:24.430Z] GET /api/status
[2026-07-09T05:26:34.424Z] GET /api/status
[2026-07-09T05:26:44.434Z] GET /api/status
[2026-07-09T05:26:54.427Z] GET /api/status
[2026-07-09T05:27:04.420Z] GET /api/status
[2026-07-09T05:27:14.431Z] GET /api/status
[2026-07-09T05:27:24.424Z] GET /api/status
[2026-07-09T05:27:34.433Z] GET /api/status
[2026-07-09T05:27:44.421Z] GET /api/status
[2026-07-09T05:27:54.420Z] GET /api/status
[2026-07-09T05:28:04.432Z] GET /api/status
[2026-07-09T05:28:14.425Z] GET /api/status
[2026-07-09T05:28:24.435Z] GET /api/status
[2026-07-09T05:28:34.428Z] GET /api/status
[2026-07-09T05:28:44.423Z] GET /api/status
[2026-07-09T05:28:54.432Z] GET /api/status
[2026-07-09T05:29:04.425Z] GET /api/status
[2026-07-09T05:29:14.435Z] GET /api/status
[2026-07-09T05:29:24.428Z] GET /api/status
[2026-07-09T05:29:34.420Z] GET /api/status
[2026-07-09T05:29:44.431Z] GET /api/status
[2026-07-09T05:29:54.424Z] GET /api/status
[2026-07-09T05:30:04.434Z] GET /api/status
[2026-07-09T05:30:14.427Z] GET /api/status
[2026-07-09T05:30:24.420Z] GET /api/status
[2026-07-09T05:30:34.430Z] GET /api/status
[2026-07-09T05:30:44.423Z] GET /api/status
[2026-07-09T05:30:54.433Z] GET /api/status
[2026-07-09T05:31:04.427Z] GET /api/status
[2026-07-09T05:31:14.421Z] GET /api/status
[2026-07-09T05:31:24.430Z] GET /api/status
[2026-07-09T05:31:34.424Z] GET /api/status
[2026-07-09T05:31:44.433Z] GET /api/status
[2026-07-09T05:31:54.427Z] GET /api/status
[2026-07-09T05:32:04.420Z] GET /api/status
[2026-07-09T05:32:14.430Z] GET /api/status
[2026-07-09T05:32:24.424Z] GET /api/status
[2026-07-09T05:32:34.434Z] GET /api/status
[2026-07-09T05:32:44.427Z] GET /api/status
[2026-07-09T05:32:54.420Z] GET /api/status
[2026-07-09T05:33:04.430Z] GET /api/status
[2026-07-09T05:33:14.423Z] GET /api/status
[2026-07-09T05:33:24.434Z] GET /api/status
[2026-07-09T05:33:34.437Z] GET /api/status
[2026-07-09T05:33:44.421Z] GET /api/status
[2026-07-09T05:33:54.432Z] GET /api/status
[2026-07-09T05:34:04.427Z] GET /api/status
[2026-07-09T05:34:14.434Z] GET /api/status
[2026-07-09T05:34:24.431Z] GET /api/status
[2026-07-09T05:34:34.426Z] GET /api/status
[2026-07-09T05:34:44.432Z] GET /api/status
[2026-07-09T05:34:54.425Z] GET /api/status
[2026-07-09T05:35:04.419Z] GET /api/status
[2026-07-09T05:35:14.428Z] GET /api/status
[2026-07-09T05:35:24.422Z] GET /api/status
[2026-07-09T05:35:34.431Z] GET /api/status
[2026-07-09T05:35:44.425Z] GET /api/status
[2026-07-09T05:35:54.436Z] GET /api/status
[2026-07-09T05:36:04.433Z] GET /api/status
[2026-07-09T05:36:14.426Z] GET /api/status
[2026-07-09T05:36:24.436Z] GET /api/status
[2026-07-09T05:36:34.429Z] GET /api/status
[2026-07-09T05:36:44.423Z] GET /api/status
[2026-07-09T05:36:54.433Z] GET /api/status
[2026-07-09T05:37:04.422Z] GET /api/status
[2026-07-09T05:37:14.430Z] GET /api/status
[2026-07-09T05:37:24.418Z] GET /api/status
[2026-07-09T05:37:34.419Z] GET /api/status
[2026-07-09T05:37:44.424Z] GET /api/status
[2026-07-09T05:37:54.420Z] GET /api/status
[2026-07-09T05:38:04.431Z] GET /api/status
[2026-07-09T05:38:14.423Z] GET /api/status
[2026-07-09T05:38:24.418Z] GET /api/status
[2026-07-09T05:38:34.426Z] GET /api/status
[2026-07-09T05:38:44.419Z] GET /api/status
[2026-07-09T05:38:54.430Z] GET /api/status
[2026-07-09T05:39:04.424Z] GET /api/status
[2026-07-09T05:39:14.416Z] GET /api/status
[2026-07-09T05:39:24.424Z] GET /api/status
[2026-07-09T05:39:34.418Z] GET /api/status
[2026-07-09T05:39:44.428Z] GET /api/status
[2026-07-09T05:39:54.421Z] GET /api/status
[2026-07-09T05:40:04.416Z] GET /api/status
[2026-07-09T05:40:14.431Z] GET /api/status
[2026-07-09T05:40:24.424Z] GET /api/status
[2026-07-09T05:40:34.435Z] GET /api/status
[2026-07-09T05:40:44.427Z] GET /api/status
[2026-07-09T05:40:54.422Z] GET /api/status
[2026-07-09T05:41:04.431Z] GET /api/status
[2026-07-09T05:41:14.425Z] GET /api/status
[2026-07-09T05:41:24.431Z] GET /api/status
[2026-07-09T05:41:34.424Z] GET /api/status
[2026-07-09T05:41:44.416Z] GET /api/status
[2026-07-09T05:41:54.428Z] GET /api/status
[2026-07-09T05:42:04.421Z] GET /api/status
[2026-07-09T05:42:14.431Z] GET /api/status
[2026-07-09T05:42:24.423Z] GET /api/status
[2026-07-09T05:42:34.416Z] GET /api/status
[2026-07-09T05:42:44.424Z] GET /api/status
[2026-07-09T05:42:54.418Z] GET /api/status
[2026-07-09T05:43:04.427Z] GET /api/status
[2026-07-09T05:43:14.422Z] GET /api/status
[2026-07-09T05:43:24.416Z] GET /api/status
[2026-07-09T05:43:34.445Z] GET /api/status
[2026-07-09T05:43:44.413Z] GET /api/status
[2026-07-09T05:43:54.418Z] GET /api/status
[2026-07-09T05:44:04.416Z] GET /api/status
[2026-07-09T05:44:14.411Z] GET /api/status
[2026-07-09T05:44:24.419Z] GET /api/status
[2026-07-09T05:44:34.413Z] GET /api/status
[2026-07-09T05:44:44.434Z] GET /api/status
[2026-07-09T05:44:54.425Z] GET /api/status
[2026-07-09T05:45:04.421Z] GET /api/status
[2026-07-09T05:45:14.423Z] GET /api/status
[2026-07-09T05:45:24.424Z] GET /api/status
[2026-07-09T05:45:34.434Z] GET /api/status
[2026-07-09T05:45:44.427Z] GET /api/status
[2026-07-09T05:45:54.417Z] GET /api/status
[2026-07-09T05:46:04.427Z] GET /api/status
[2026-07-09T05:46:14.420Z] GET /api/status
[2026-07-09T05:46:24.430Z] GET /api/status
[2026-07-09T05:46:34.423Z] GET /api/status
[2026-07-09T05:46:44.418Z] GET /api/status
[2026-07-09T05:46:54.427Z] GET /api/status
[2026-07-09T05:47:04.423Z] GET /api/status
[2026-07-09T05:47:14.433Z] GET /api/status
[2026-07-09T05:47:24.426Z] GET /api/status
[2026-07-09T05:47:34.417Z] GET /api/status
[2026-07-09T05:47:44.430Z] GET /api/status
[2026-07-09T05:47:54.424Z] GET /api/status
[2026-07-09T05:48:04.433Z] GET /api/status
[2026-07-09T05:48:14.427Z] GET /api/status
[2026-07-09T05:48:24.421Z] GET /api/status
[2026-07-09T05:48:34.430Z] GET /api/status
[2026-07-09T05:48:44.423Z] GET /api/status
[2026-07-09T05:48:54.433Z] GET /api/status
[2026-07-09T05:49:04.426Z] GET /api/status
[2026-07-09T05:49:14.415Z] GET /api/status
[2026-07-09T05:49:24.429Z] GET /api/status
[2026-07-09T05:49:34.422Z] GET /api/status
[2026-07-09T05:49:44.420Z] GET /api/status
[2026-07-09T05:49:54.425Z] GET /api/status
[2026-07-09T05:50:04.420Z] GET /api/status
[2026-07-09T05:50:14.432Z] GET /api/status
[2026-07-09T05:50:24.425Z] GET /api/status
[2026-07-09T05:50:34.435Z] GET /api/status
[2026-07-09T05:50:44.428Z] GET /api/status
[2026-07-09T05:50:54.423Z] GET /api/status
[2026-07-09T05:51:04.430Z] GET /api/status
[2026-07-09T05:51:14.425Z] GET /api/status
[2026-07-09T05:51:24.432Z] GET /api/status
[2026-07-09T05:51:34.426Z] GET /api/status
[2026-07-09T05:51:44.421Z] GET /api/status
[2026-07-09T05:51:54.428Z] GET /api/status
[2026-07-09T05:52:04.422Z] GET /api/status
[2026-07-09T05:52:14.428Z] GET /api/status
[2026-07-09T05:52:24.425Z] GET /api/status
[2026-07-09T05:52:34.424Z] GET /api/status
[2026-07-09T05:52:44.433Z] GET /api/status
[2026-07-09T05:52:54.426Z] GET /api/status
[2026-07-09T05:53:04.425Z] GET /api/status
[2026-07-09T05:53:14.430Z] GET /api/status
[2026-07-09T05:53:24.424Z] GET /api/status
[2026-07-09T05:53:34.430Z] GET /api/status
[2026-07-09T05:53:44.440Z] GET /api/status
[2026-07-09T05:53:54.434Z] GET /api/status
[2026-07-09T05:54:04.450Z] GET /api/status
[2026-07-09T05:54:14.418Z] GET /api/status
[2026-07-09T05:54:24.431Z] GET /api/status
[2026-07-09T05:54:34.423Z] GET /api/status
[2026-07-09T05:54:44.431Z] GET /api/status
[2026-07-09T05:54:54.424Z] GET /api/status
[2026-07-09T05:55:04.419Z] GET /api/status
[2026-07-09T05:55:14.426Z] GET /api/status
[2026-07-09T05:55:24.420Z] GET /api/status
[2026-07-09T05:55:34.431Z] GET /api/status
[2026-07-09T05:55:44.425Z] GET /api/status
[2026-07-09T05:55:54.418Z] GET /api/status
[2026-07-09T05:56:04.425Z] GET /api/status
[2026-07-09T05:56:14.419Z] GET /api/status
[2026-07-09T05:56:24.430Z] GET /api/status
[2026-07-09T05:56:34.423Z] GET /api/status
[2026-07-09T05:56:44.417Z] GET /api/status
[2026-07-09T05:56:54.432Z] GET /api/status
[2026-07-09T05:57:04.425Z] GET /api/status
[2026-07-09T05:57:14.434Z] GET /api/status
[2026-07-09T05:57:24.428Z] GET /api/status
[2026-07-09T05:57:34.424Z] GET /api/status
[2026-07-09T05:57:44.421Z] GET /api/status
[2026-07-09T05:57:54.425Z] GET /api/status
[2026-07-09T05:58:04.435Z] GET /api/status
[2026-07-09T05:58:14.428Z] GET /api/status
[2026-07-09T05:58:24.422Z] GET /api/status
[2026-07-09T05:58:34.431Z] GET /api/status
[2026-07-09T05:58:44.425Z] GET /api/status
[2026-07-09T05:58:54.434Z] GET /api/status
[2026-07-09T05:59:04.428Z] GET /api/status
[2026-07-09T05:59:14.418Z] GET /api/status
[2026-07-09T05:59:24.426Z] GET /api/status
[2026-07-09T05:59:34.418Z] GET /api/status
[2026-07-09T05:59:44.430Z] GET /api/status
[2026-07-09T05:59:54.423Z] GET /api/status
[2026-07-09T06:00:04.418Z] GET /api/status
[2026-07-09T06:00:14.428Z] GET /api/status
[2026-07-09T06:00:24.421Z] GET /api/status
[2026-07-09T06:00:34.428Z] GET /api/status
[2026-07-09T06:00:44.425Z] GET /api/status
[2026-07-09T06:00:54.419Z] GET /api/status
[2026-07-09T06:01:04.428Z] GET /api/status
[2026-07-09T06:01:14.421Z] GET /api/status
[2026-07-09T06:01:24.431Z] GET /api/status
[2026-07-09T06:01:34.423Z] GET /api/status
[2026-07-09T06:01:44.420Z] GET /api/status
[2026-07-09T06:01:54.428Z] GET /api/status
[2026-07-09T06:02:04.422Z] GET /api/status
[2026-07-09T06:02:14.428Z] GET /api/status
[2026-07-09T06:02:24.424Z] GET /api/status
[2026-07-09T06:02:34.418Z] GET /api/status
[2026-07-09T06:02:44.427Z] GET /api/status
[2026-07-09T06:02:54.418Z] GET /api/status
[2026-07-09T06:03:04.430Z] GET /api/status
[2026-07-09T06:03:14.424Z] GET /api/status
[2026-07-09T06:03:24.418Z] GET /api/status
[2026-07-09T06:03:34.425Z] GET /api/status
[2026-07-09T06:03:44.424Z] GET /api/status
[2026-07-09T06:03:54.453Z] GET /api/status
[2026-07-09T06:04:04.429Z] GET /api/status
[2026-07-09T06:04:14.426Z] GET /api/status
[2026-07-09T06:04:24.432Z] GET /api/status
[2026-07-09T06:04:34.423Z] GET /api/status
[2026-07-09T06:04:44.432Z] GET /api/status
[2026-07-09T06:04:54.426Z] GET /api/status
[2026-07-09T06:05:04.420Z] GET /api/status
[2026-07-09T06:05:14.428Z] GET /api/status
[2026-07-09T06:05:24.424Z] GET /api/status
[2026-07-09T06:05:34.432Z] GET /api/status
[2026-07-09T06:05:44.425Z] GET /api/status
[2026-07-09T06:05:54.417Z] GET /api/status
[2026-07-09T06:06:04.427Z] GET /api/status
[2026-07-09T06:06:14.420Z] GET /api/status
[2026-07-09T06:06:24.432Z] GET /api/status
[2026-07-09T06:06:34.423Z] GET /api/status
[2026-07-09T06:06:44.418Z] GET /api/status
[2026-07-09T06:06:54.431Z] GET /api/status
[2026-07-09T06:07:04.427Z] GET /api/status
[2026-07-09T06:07:14.436Z] GET /api/status
[2026-07-09T06:07:24.425Z] GET /api/status
[2026-07-09T06:07:34.423Z] GET /api/status
[2026-07-09T06:07:44.428Z] GET /api/status
[2026-07-09T06:07:54.422Z] GET /api/status
[2026-07-09T06:08:04.428Z] GET /api/status
[2026-07-09T06:08:14.426Z] GET /api/status
[2026-07-09T06:08:24.422Z] GET /api/status
[2026-07-09T06:08:34.433Z] GET /api/status
[2026-07-09T06:08:44.425Z] GET /api/status
[2026-07-09T06:08:54.431Z] GET /api/status
[2026-07-09T06:09:04.421Z] GET /api/status
[2026-07-09T06:09:14.415Z] GET /api/status
[2026-07-09T06:09:24.422Z] GET /api/status
[2026-07-09T06:09:34.417Z] GET /api/status
[2026-07-09T06:09:44.427Z] GET /api/status
[2026-07-09T06:09:54.420Z] GET /api/status
[2026-07-09T06:10:04.415Z] GET /api/status
[2026-07-09T06:10:14.428Z] GET /api/status
[2026-07-09T06:10:24.424Z] GET /api/status
[2026-07-09T06:10:34.433Z] GET /api/status
[2026-07-09T06:10:44.426Z] GET /api/status
[2026-07-09T06:10:54.421Z] GET /api/status
[2026-07-09T06:11:04.427Z] GET /api/status
[2026-07-09T06:11:14.424Z] GET /api/status
[2026-07-09T06:11:24.419Z] GET /api/status
[2026-07-09T06:11:34.422Z] GET /api/status
[2026-07-09T06:11:44.419Z] GET /api/status
[2026-07-09T06:11:54.430Z] GET /api/status
[2026-07-09T06:12:04.422Z] GET /api/status
[2026-07-09T06:12:14.432Z] GET /api/status
[2026-07-09T06:12:24.432Z] GET /api/status
[2026-07-09T06:12:34.425Z] GET /api/status
[2026-07-09T06:12:44.433Z] GET /api/status
[2026-07-09T06:12:54.428Z] GET /api/status
[2026-07-09T06:13:04.431Z] GET /api/status
[2026-07-09T06:13:14.426Z] GET /api/status
[2026-07-09T06:13:24.425Z] GET /api/status
[2026-07-09T06:13:34.421Z] GET /api/status
[2026-07-09T06:13:44.420Z] GET /api/status
[2026-07-09T06:13:54.429Z] GET /api/status
[2026-07-09T06:14:04.448Z] GET /api/status
[2026-07-09T06:14:14.420Z] GET /api/status
[2026-07-09T06:14:24.429Z] GET /api/status
[2026-07-09T06:14:34.426Z] GET /api/status
[2026-07-09T06:14:44.435Z] GET /api/status
[2026-07-09T06:14:54.426Z] GET /api/status
[2026-07-09T06:15:04.424Z] GET /api/status
[2026-07-09T06:15:14.432Z] GET /api/status
[2026-07-09T06:15:24.427Z] GET /api/status
[2026-07-09T06:15:34.431Z] GET /api/status
[2026-07-09T06:15:44.423Z] GET /api/status
[2026-07-09T06:15:54.419Z] GET /api/status
[2026-07-09T06:16:04.428Z] GET /api/status
[2026-07-09T06:16:14.421Z] GET /api/status
[2026-07-09T06:16:24.429Z] GET /api/status
[2026-07-09T06:16:34.425Z] GET /api/status
[2026-07-09T06:16:44.417Z] GET /api/status
[2026-07-09T06:16:54.425Z] GET /api/status
[2026-07-09T06:17:04.419Z] GET /api/status
[2026-07-09T06:17:14.428Z] GET /api/status
[2026-07-09T06:17:24.418Z] GET /api/status
[2026-07-09T06:17:34.417Z] GET /api/status
[2026-07-09T06:17:44.430Z] GET /api/status
[2026-07-09T06:17:54.422Z] GET /api/status
[2026-07-09T06:18:04.422Z] GET /api/status
[2026-07-09T06:18:14.426Z] GET /api/status
[2026-07-09T06:18:24.421Z] GET /api/status
[2026-07-09T06:18:34.430Z] GET /api/status
[2026-07-09T06:18:44.423Z] GET /api/status
[2026-07-09T06:18:54.434Z] GET /api/status
[2026-07-09T06:19:04.428Z] GET /api/status
[2026-07-09T06:19:14.422Z] GET /api/status
[2026-07-09T06:19:24.431Z] GET /api/status
[2026-07-09T06:19:34.424Z] GET /api/status
[2026-07-09T06:19:44.434Z] GET /api/status
[2026-07-09T06:19:54.428Z] GET /api/status
[2026-07-09T06:20:04.418Z] GET /api/status
[2026-07-09T06:20:14.426Z] GET /api/status
[2026-07-09T06:20:24.420Z] GET /api/status
[2026-07-09T06:20:34.430Z] GET /api/status
[2026-07-09T06:20:44.423Z] GET /api/status
[2026-07-09T06:20:54.419Z] GET /api/status
[2026-07-09T06:21:04.431Z] GET /api/status
[2026-07-09T06:21:14.424Z] GET /api/status
[2026-07-09T06:21:24.434Z] GET /api/status
[2026-07-09T06:21:34.427Z] GET /api/status
[2026-07-09T06:21:44.420Z] GET /api/status
[2026-07-09T06:21:54.431Z] GET /api/status
[2026-07-09T06:22:04.425Z] GET /api/status
[2026-07-09T06:22:14.432Z] GET /api/status
[2026-07-09T06:22:24.428Z] GET /api/status
[2026-07-09T06:22:34.422Z] GET /api/status
[2026-07-09T06:22:44.431Z] GET /api/status
[2026-07-09T06:22:54.424Z] GET /api/status
[2026-07-09T06:23:04.434Z] GET /api/status
[2026-07-09T06:23:14.428Z] GET /api/status
[2026-07-09T06:23:24.425Z] GET /api/status
[2026-07-09T06:23:34.434Z] GET /api/status
[2026-07-09T06:23:44.426Z] GET /api/status
[2026-07-09T06:23:54.437Z] GET /api/status
[2026-07-09T06:24:04.431Z] GET /api/status
[2026-07-09T06:24:14.426Z] GET /api/status
[2026-07-09T06:24:24.429Z] GET /api/status
[2026-07-09T06:24:34.422Z] GET /api/status
[2026-07-09T06:24:44.433Z] GET /api/status
[2026-07-09T06:24:54.425Z] GET /api/status
[2026-07-09T06:25:04.421Z] GET /api/status
[2026-07-09T06:25:14.429Z] GET /api/status
[2026-07-09T06:25:24.422Z] GET /api/status
[2026-07-09T06:25:34.431Z] GET /api/status
[2026-07-09T06:25:44.425Z] GET /api/status
[2026-07-09T06:25:54.418Z] GET /api/status
[2026-07-09T06:26:04.428Z] GET /api/status
[2026-07-09T06:26:14.419Z] GET /api/status
[2026-07-09T06:26:24.431Z] GET /api/status
[2026-07-09T06:26:34.423Z] GET /api/status
[2026-07-09T06:26:44.419Z] GET /api/status
[2026-07-09T06:26:54.429Z] GET /api/status
[2026-07-09T06:27:04.422Z] GET /api/status
[2026-07-09T06:27:14.432Z] GET /api/status
[2026-07-09T06:27:24.425Z] GET /api/status
[2026-07-09T06:27:34.420Z] GET /api/status
[2026-07-09T06:27:44.429Z] GET /api/status
[2026-07-09T06:27:54.422Z] GET /api/status
[2026-07-09T06:28:04.432Z] GET /api/status
[2026-07-09T06:28:14.422Z] GET /api/status
[2026-07-09T06:28:24.420Z] GET /api/status
[2026-07-09T06:28:34.429Z] GET /api/status
[2026-07-09T06:28:44.422Z] GET /api/status
[2026-07-09T06:28:54.434Z] GET /api/status
[2026-07-09T06:29:04.423Z] GET /api/status
[2026-07-09T06:29:14.417Z] GET /api/status
[2026-07-09T06:29:24.426Z] GET /api/status
[2026-07-09T06:29:34.420Z] GET /api/status
[2026-07-09T06:29:44.429Z] GET /api/status
[2026-07-09T06:29:54.422Z] GET /api/status
[2026-07-09T06:30:04.421Z] GET /api/status
[2026-07-09T06:30:14.425Z] GET /api/status
[2026-07-09T06:30:24.422Z] GET /api/status
[2026-07-09T06:30:34.430Z] GET /api/status
[2026-07-09T06:30:44.425Z] GET /api/status
[2026-07-09T06:30:54.420Z] GET /api/status
[2026-07-09T06:31:04.431Z] GET /api/status
[2026-07-09T06:31:14.425Z] GET /api/status
[2026-07-09T06:31:24.435Z] GET /api/status
[2026-07-09T06:31:34.428Z] GET /api/status
[2026-07-09T06:31:44.422Z] GET /api/status
[2026-07-09T06:31:54.430Z] GET /api/status
[2026-07-09T06:32:04.424Z] GET /api/status
[2026-07-09T06:32:14.432Z] GET /api/status
[2026-07-09T06:32:24.430Z] GET /api/status
[2026-07-09T06:32:34.424Z] GET /api/status
[2026-07-09T06:32:44.434Z] GET /api/status
[2026-07-09T06:32:54.429Z] GET /api/status
[2026-07-09T06:33:04.436Z] GET /api/status
[2026-07-09T06:33:14.430Z] GET /api/status
[2026-07-09T06:33:24.424Z] GET /api/status
[2026-07-09T06:33:34.430Z] GET /api/status
[2026-07-09T06:33:44.427Z] GET /api/status
[2026-07-09T06:33:54.435Z] GET /api/status
[2026-07-09T06:34:04.428Z] GET /api/status
[2026-07-09T06:34:14.448Z] GET /api/status
[2026-07-09T06:34:24.425Z] GET /api/status
[2026-07-09T06:34:34.419Z] GET /api/status
[2026-07-09T06:34:44.431Z] GET /api/status
[2026-07-09T06:34:54.420Z] GET /api/status
[2026-07-09T06:35:04.419Z] GET /api/status
[2026-07-09T06:35:14.428Z] GET /api/status
[2026-07-09T06:35:24.422Z] GET /api/status
[2026-07-09T06:35:34.432Z] GET /api/status
[2026-07-09T06:35:44.428Z] GET /api/status
[2026-07-09T06:35:54.422Z] GET /api/status
[2026-07-09T06:36:04.427Z] GET /api/status
[2026-07-09T06:36:14.426Z] GET /api/status
[2026-07-09T06:36:24.428Z] GET /api/status
[2026-07-09T06:36:34.458Z] GET /api/status
[2026-07-09T06:36:44.548Z] GET /api/status
[2026-07-09T06:36:54.741Z] GET /api/status
[2026-07-09T06:37:04.434Z] GET /api/status
[2026-07-09T06:37:14.609Z] GET /api/status
[2026-07-09T06:37:24.757Z] GET /api/status
[2026-07-09T06:37:34.483Z] GET /api/status
[2026-07-09T06:37:44.476Z] GET /api/status
[2026-07-09T06:37:54.605Z] GET /api/status
[2026-07-09T06:38:04.457Z] GET /api/status
[2026-07-09T06:38:15.143Z] GET /api/status
[2026-07-09T06:38:24.434Z] GET /api/status
[2026-07-09T06:38:34.519Z] GET /api/status
[2026-07-09T06:38:44.618Z] GET /api/status
[2026-07-09T06:38:54.438Z] GET /api/status
[2026-07-09T06:39:04.514Z] GET /api/status
[2026-07-09T06:39:14.445Z] GET /api/status
[2026-07-09T06:39:24.440Z] GET /api/status
[2026-07-09T06:39:34.445Z] GET /api/status
[2026-07-09T06:39:44.440Z] GET /api/status
[2026-07-09T06:39:54.440Z] GET /api/status
[2026-07-09T06:40:04.545Z] GET /api/status
[2026-07-09T06:40:14.484Z] GET /api/status
[2026-07-09T06:40:24.442Z] GET /api/status
[2026-07-09T06:40:34.453Z] GET /api/status
[2026-07-09T06:40:44.641Z] GET /api/status
[2026-07-09T06:40:54.437Z] GET /api/status
[2026-07-09T06:41:04.548Z] GET /api/status
[2026-07-09T06:41:14.588Z] GET /api/status
[2026-07-09T06:41:24.447Z] GET /api/status
[2026-07-09T06:41:34.436Z] GET /api/status
[2026-07-09T06:41:45.034Z] GET /api/status
[2026-07-09T06:41:54.832Z] GET /api/status
[2026-07-09T06:42:04.448Z] GET /api/status
[2026-07-09T06:42:14.700Z] GET /api/status
[2026-07-09T06:42:24.606Z] GET /api/status
[2026-07-09T06:42:34.433Z] GET /api/status
[2026-07-09T06:42:44.689Z] GET /api/status
[2026-07-09T06:42:54.447Z] GET /api/status
[2026-07-09T06:43:04.436Z] GET /api/status
[2026-07-09T06:43:14.482Z] GET /api/status
[2026-07-09T06:43:24.581Z] GET /api/status
[2026-07-09T06:43:34.522Z] GET /api/status
[2026-07-09T06:43:44.449Z] GET /api/status
[2026-07-09T06:43:54.596Z] GET /api/status
[2026-07-09T06:44:04.470Z] GET /api/status
[2026-07-09T06:44:14.479Z] GET /api/status
[2026-07-09T06:44:24.442Z] GET /api/status
[2026-07-09T06:44:34.641Z] GET /api/status
[2026-07-09T06:44:44.457Z] GET /api/status
[2026-07-09T06:44:54.456Z] GET /api/status
[2026-07-09T06:45:04.444Z] GET /api/status
[2026-07-09T06:45:14.608Z] GET /api/status
[2026-07-09T06:45:24.611Z] GET /api/status
[2026-07-09T06:45:34.443Z] GET /api/status
[2026-07-09T06:45:44.660Z] GET /api/status
[2026-07-09T06:45:54.532Z] GET /api/status
[2026-07-09T06:46:04.454Z] GET /api/status
[2026-07-09T06:46:14.436Z] GET /api/status
[2026-07-09T06:46:24.656Z] GET /api/status
[2026-07-09T06:46:34.653Z] GET /api/status
[2026-07-09T06:46:44.437Z] GET /api/status
[2026-07-09T06:46:54.440Z] GET /api/status
[2026-07-09T06:47:04.445Z] GET /api/status
[2026-07-09T06:47:14.479Z] GET /api/status
[2026-07-09T06:47:24.591Z] GET /api/status
[2026-07-09T06:47:34.517Z] GET /api/status
[2026-07-09T06:47:44.577Z] GET /api/status
[2026-07-09T06:47:54.433Z] GET /api/status
[2026-07-09T06:48:04.481Z] GET /api/status
[2026-07-09T06:48:14.707Z] GET /api/status
[2026-07-09T06:48:24.441Z] GET /api/status
[2026-07-09T06:48:34.436Z] GET /api/status
[2026-07-09T06:48:44.623Z] GET /api/status
[2026-07-09T06:48:54.774Z] GET /api/status
[2026-07-09T06:49:04.434Z] GET /api/status
[2026-07-09T06:49:14.874Z] GET /api/status
[2026-07-09T06:49:24.581Z] GET /api/status
[2026-07-09T06:49:34.452Z] GET /api/status
[2026-07-09T06:49:44.436Z] GET /api/status
[2026-07-09T06:49:54.570Z] GET /api/status
[2026-07-09T06:50:04.661Z] GET /api/status
[2026-07-09T06:50:14.437Z] GET /api/status
[2026-07-09T06:50:24.623Z] GET /api/status
[2026-07-09T06:50:34.650Z] GET /api/status
[2026-07-09T06:50:44.779Z] GET /api/status
[2026-07-09T06:50:54.434Z] GET /api/status
[2026-07-09T06:51:04.911Z] GET /api/status
[2026-07-09T06:51:14.469Z] GET /api/status
[2026-07-09T06:51:24.707Z] GET /api/status
[2026-07-09T06:51:34.607Z] GET /api/status
[2026-07-09T06:51:44.623Z] GET /api/status
[2026-07-09T06:51:56.230Z] GET /api/status
[2026-07-09T06:52:04.436Z] GET /api/status
[2026-07-09T06:52:14.445Z] GET /api/status
[2026-07-09T06:52:24.658Z] GET /api/status
[2026-07-09T06:52:34.446Z] GET /api/status
[2026-07-09T06:52:44.435Z] GET /api/status
[2026-07-09T06:52:54.618Z] GET /api/status
[2026-07-09T06:53:04.598Z] GET /api/status
[2026-07-09T06:53:14.439Z] GET /api/status
[2026-07-09T06:53:24.641Z] GET /api/status
[2026-07-09T06:53:34.446Z] GET /api/status
[2026-07-09T06:53:44.443Z] GET /api/status
[2026-07-09T06:53:54.447Z] GET /api/status
[2026-07-09T06:54:04.682Z] GET /api/status
[2026-07-09T06:54:14.432Z] GET /api/status
[2026-07-09T06:54:24.526Z] GET /api/status
[2026-07-09T06:54:34.434Z] GET /api/status
[2026-07-09T06:54:44.460Z] GET /api/status
[2026-07-09T06:54:54.435Z] GET /api/status
[2026-07-09T06:55:04.545Z] GET /api/status
[2026-07-09T06:55:14.584Z] GET /api/status
[2026-07-09T06:55:24.434Z] GET /api/status
[2026-07-09T06:55:34.527Z] GET /api/status
[2026-07-09T06:55:44.636Z] GET /api/status
[2026-07-09T06:55:54.432Z] GET /api/status
[2026-07-09T06:56:04.512Z] GET /api/status
[2026-07-09T06:56:14.717Z] GET /api/status
[2026-07-09T06:56:24.551Z] GET /api/status
[2026-07-09T06:56:34.435Z] GET /api/status
[2026-07-09T06:56:44.656Z] GET /api/status
[2026-07-09T06:56:54.672Z] GET /api/status
[2026-07-09T06:57:04.630Z] GET /api/status
[2026-07-09T06:57:14.594Z] GET /api/status
[2026-07-09T06:57:24.604Z] GET /api/status
[2026-07-09T06:57:34.740Z] GET /api/status
[2026-07-09T06:57:44.440Z] GET /api/status
[2026-07-09T06:57:54.634Z] GET /api/status
[2026-07-09T06:58:04.656Z] GET /api/status
[2026-07-09T06:58:14.431Z] GET /api/status
[2026-07-09T06:58:24.663Z] GET /api/status
[2026-07-09T06:58:34.643Z] GET /api/status
[2026-07-09T06:58:44.487Z] GET /api/status
[2026-07-09T06:58:54.613Z] GET /api/status
[2026-07-09T06:59:04.521Z] GET /api/status
[2026-07-09T06:59:14.428Z] GET /api/status
[2026-07-09T06:59:24.530Z] GET /api/status
[2026-07-09T06:59:34.427Z] GET /api/status
[2026-07-09T06:59:44.438Z] GET /api/status
[2026-07-09T06:59:54.434Z] GET /api/status
[2026-07-09T07:00:04.423Z] GET /api/status
[2026-07-09T07:00:14.426Z] GET /api/status
[2026-07-09T07:00:24.421Z] GET /api/status
[2026-07-09T07:00:34.431Z] GET /api/status
[2026-07-09T07:00:44.417Z] GET /api/status
[2026-07-09T07:00:54.418Z] GET /api/status
[2026-07-09T07:01:04.430Z] GET /api/status
[2026-07-09T07:01:14.429Z] GET /api/status
[2026-07-09T07:01:24.438Z] GET /api/status
[2026-07-09T07:01:34.431Z] GET /api/status
[2026-07-09T07:01:44.424Z] GET /api/status
[2026-07-09T07:01:54.439Z] GET /api/status
[2026-07-09T07:02:04.428Z] GET /api/status
[2026-07-09T07:02:14.419Z] GET /api/status
[2026-07-09T07:02:24.428Z] GET /api/status
[2026-07-09T07:02:34.417Z] GET /api/status
[2026-07-09T07:02:44.432Z] GET /api/status
[2026-07-09T07:02:54.425Z] GET /api/status
[2026-07-09T07:03:04.435Z] GET /api/status
[2026-07-09T07:03:14.427Z] GET /api/status
[2026-07-09T07:03:24.421Z] GET /api/status
[2026-07-09T07:03:34.431Z] GET /api/status
[2026-07-09T07:03:44.424Z] GET /api/status
[2026-07-09T07:03:54.418Z] GET /api/status
[2026-07-09T07:04:04.427Z] GET /api/status
[2026-07-09T07:04:14.421Z] GET /api/status
[2026-07-09T07:04:24.463Z] GET /api/status
[2026-07-09T07:04:34.426Z] GET /api/status
[2026-07-09T07:04:44.437Z] GET /api/status
[2026-07-09T07:04:54.426Z] GET /api/status
[2026-07-09T07:05:04.424Z] GET /api/status
[2026-07-09T07:05:14.433Z] GET /api/status
[2026-07-09T07:05:24.426Z] GET /api/status
[2026-07-09T07:05:34.418Z] GET /api/status
[2026-07-09T07:05:44.428Z] GET /api/status
[2026-07-09T07:05:54.418Z] GET /api/status
[2026-07-09T07:06:04.431Z] GET /api/status
[2026-07-09T07:06:14.424Z] GET /api/status
[2026-07-09T07:06:24.418Z] GET /api/status
[2026-07-09T07:06:34.428Z] GET /api/status
[2026-07-09T07:06:44.421Z] GET /api/status
[2026-07-09T07:06:54.431Z] GET /api/status
[2026-07-09T07:07:04.424Z] GET /api/status
[2026-07-09T07:07:14.418Z] GET /api/status
[2026-07-09T07:07:24.428Z] GET /api/status
[2026-07-09T07:07:34.421Z] GET /api/status
[2026-07-09T07:07:44.431Z] GET /api/status
[2026-07-09T07:07:54.424Z] GET /api/status
[2026-07-09T07:08:04.418Z] GET /api/status
[2026-07-09T07:08:14.422Z] GET /api/status
[2026-07-09T07:08:24.421Z] GET /api/status
[2026-07-09T07:08:34.431Z] GET /api/status
[2026-07-09T07:08:44.424Z] GET /api/status
[2026-07-09T07:08:54.423Z] GET /api/status
[2026-07-09T07:09:04.433Z] GET /api/status
[2026-07-09T07:09:14.427Z] GET /api/status
[2026-07-09T07:09:24.436Z] GET /api/status
[2026-07-09T07:09:34.430Z] GET /api/status
[2026-07-09T07:09:44.423Z] GET /api/status
[2026-07-09T07:09:54.428Z] GET /api/status
[2026-07-09T07:10:04.422Z] GET /api/status
[2026-07-09T07:10:14.419Z] GET /api/status
[2026-07-09T07:10:24.426Z] GET /api/status
[2026-07-09T07:10:34.418Z] GET /api/status
[2026-07-09T07:10:44.429Z] GET /api/status
[2026-07-09T07:10:54.422Z] GET /api/status
[2026-07-09T07:11:04.431Z] GET /api/status
[2026-07-09T07:11:14.425Z] GET /api/status
[2026-07-09T07:11:24.418Z] GET /api/status
[2026-07-09T07:11:34.428Z] GET /api/status
[2026-07-09T07:11:44.417Z] GET /api/status
[2026-07-09T07:11:54.427Z] GET /api/status
[2026-07-09T07:12:04.427Z] GET /api/status
[2026-07-09T07:12:14.420Z] GET /api/status
[2026-07-09T07:12:24.431Z] GET /api/status
[2026-07-09T07:12:34.424Z] GET /api/status
[2026-07-09T07:12:44.434Z] GET /api/status
[2026-07-09T07:12:54.422Z] GET /api/status
[2026-07-09T07:13:04.421Z] GET /api/status
[2026-07-09T07:13:14.428Z] GET /api/status
[2026-07-09T07:13:24.421Z] GET /api/status
[2026-07-09T07:13:34.431Z] GET /api/status
[2026-07-09T07:13:44.424Z] GET /api/status
[2026-07-09T07:13:54.418Z] GET /api/status
[2026-07-09T07:14:04.424Z] GET /api/status
[2026-07-09T07:14:14.421Z] GET /api/status
[2026-07-09T07:14:24.435Z] GET /api/status
[2026-07-09T07:14:34.454Z] GET /api/status
[2026-07-09T07:14:44.435Z] GET /api/status
[2026-07-09T07:14:54.432Z] GET /api/status
[2026-07-09T07:15:04.426Z] GET /api/status
[2026-07-09T07:15:14.436Z] GET /api/status
[2026-07-09T07:15:24.429Z] GET /api/status
[2026-07-09T07:15:34.418Z] GET /api/status
[2026-07-09T07:15:44.429Z] GET /api/status
[2026-07-09T07:15:54.423Z] GET /api/status
[2026-07-09T07:16:04.431Z] GET /api/status
[2026-07-09T07:16:14.430Z] GET /api/status
[2026-07-09T07:16:24.418Z] GET /api/status
[2026-07-09T07:16:34.428Z] GET /api/status
[2026-07-09T07:16:44.421Z] GET /api/status
[2026-07-09T07:16:54.431Z] GET /api/status
[2026-07-09T07:17:04.424Z] GET /api/status
[2026-07-09T07:17:14.418Z] GET /api/status
[2026-07-09T07:17:24.424Z] GET /api/status
[2026-07-09T07:17:34.421Z] GET /api/status
[2026-07-09T07:17:44.435Z] GET /api/status
[2026-07-09T07:17:54.422Z] GET /api/status
[2026-07-09T07:18:04.422Z] GET /api/status
[2026-07-09T07:18:14.431Z] GET /api/status
[2026-07-09T07:18:24.420Z] GET /api/status
[2026-07-09T07:18:34.434Z] GET /api/status
[2026-07-09T07:18:44.428Z] GET /api/status
[2026-07-09T07:18:54.418Z] GET /api/status
[2026-07-09T07:19:04.428Z] GET /api/status
[2026-07-09T07:19:14.422Z] GET /api/status
[2026-07-09T07:19:24.432Z] GET /api/status
[2026-07-09T07:19:34.425Z] GET /api/status
[2026-07-09T07:19:44.418Z] GET /api/status
[2026-07-09T07:19:54.428Z] GET /api/status
[2026-07-09T07:20:04.421Z] GET /api/status
[2026-07-09T07:20:14.432Z] GET /api/status
[2026-07-09T07:20:24.425Z] GET /api/status
[2026-07-09T07:20:34.418Z] GET /api/status
[2026-07-09T07:20:44.428Z] GET /api/status
[2026-07-09T07:20:54.421Z] GET /api/status
[2026-07-09T07:21:04.431Z] GET /api/status
[2026-07-09T07:21:14.424Z] GET /api/status
[2026-07-09T07:21:24.418Z] GET /api/status
[2026-07-09T07:21:34.428Z] GET /api/status
[2026-07-09T07:21:44.421Z] GET /api/status
[2026-07-09T07:21:54.431Z] GET /api/status
[2026-07-09T07:22:04.424Z] GET /api/status
[2026-07-09T07:22:14.419Z] GET /api/status
[2026-07-09T07:22:24.429Z] GET /api/status
[2026-07-09T07:22:34.421Z] GET /api/status
[2026-07-09T07:22:44.432Z] GET /api/status
[2026-07-09T07:22:54.425Z] GET /api/status
[2026-07-09T07:23:04.419Z] GET /api/status
[2026-07-09T07:23:14.428Z] GET /api/status
[2026-07-09T07:23:24.422Z] GET /api/status
[2026-07-09T07:23:34.431Z] GET /api/status
[2026-07-09T07:23:44.418Z] GET /api/status
[2026-07-09T07:23:54.418Z] GET /api/status
[2026-07-09T07:24:04.428Z] GET /api/status
[2026-07-09T07:24:14.422Z] GET /api/status
[2026-07-09T07:24:24.431Z] GET /api/status
[2026-07-09T07:24:34.450Z] GET /api/status
[2026-07-09T07:24:44.418Z] GET /api/status
[2026-07-09T07:24:54.428Z] GET /api/status
[2026-07-09T07:25:04.421Z] GET /api/status
[2026-07-09T07:25:14.432Z] GET /api/status
[2026-07-09T07:25:24.425Z] GET /api/status
[2026-07-09T07:25:34.418Z] GET /api/status
[2026-07-09T07:25:44.431Z] GET /api/status
[2026-07-09T07:25:54.424Z] GET /api/status
[2026-07-09T07:26:04.434Z] GET /api/status
[2026-07-09T07:26:14.427Z] GET /api/status
[2026-07-09T07:26:24.432Z] GET /api/status
[2026-07-09T07:26:34.428Z] GET /api/status
[2026-07-09T07:26:44.422Z] GET /api/status
[2026-07-09T07:26:54.433Z] GET /api/status
[2026-07-09T07:27:04.426Z] GET /api/status
[2026-07-09T07:27:14.419Z] GET /api/status
[2026-07-09T07:27:24.427Z] GET /api/status
[2026-07-09T07:27:34.422Z] GET /api/status
[2026-07-09T07:27:44.431Z] GET /api/status
[2026-07-09T07:27:54.426Z] GET /api/status
[2026-07-09T07:28:04.419Z] GET /api/status
[2026-07-09T07:28:14.425Z] GET /api/status
[2026-07-09T07:28:24.421Z] GET /api/status
[2026-07-09T07:28:34.427Z] GET /api/status
[2026-07-09T07:28:44.425Z] GET /api/status
[2026-07-09T07:28:54.416Z] GET /api/status
[2026-07-09T07:29:04.424Z] GET /api/status
[2026-07-09T07:29:14.418Z] GET /api/status
[2026-07-09T07:29:24.426Z] GET /api/status
[2026-07-09T07:29:34.420Z] GET /api/status
